<?xml version="1.0" encoding="UTF-8"?>
<testng-results total="1" passed="1" failed="0" skipped="0">
  <reporter-output>
  </reporter-output>
  <suite started-at="2024-04-07T12:32:09Z" name="Default suite" finished-at="2024-04-07T12:32:11Z" duration-ms="1814">
    <groups>
    </groups>
    <test started-at="2024-04-07T12:32:09Z" name="Default test" finished-at="2024-04-07T12:32:11Z" duration-ms="1814">
      <class name="com.chenna.rs.interview.PathAndQueryParams">
        <test-method signature="pathAndQueryParam()[pri:0, instance:com.chenna.rs.interview.PathAndQueryParams@3f67593e]" started-at="2024-04-07T18:02:09Z" name="pathAndQueryParam" finished-at="2024-04-07T18:02:11Z" duration-ms="1803" status="PASS">
          <reporter-output>
          </reporter-output>
        </test-method> <!-- pathAndQueryParam -->
      </class> <!-- com.chenna.rs.interview.PathAndQueryParams -->
    </test> <!-- Default test -->
  </suite> <!-- Default suite -->
</testng-results>
